[2023-04-23 23:04:03,211] 15 root - INFO - >>>>>>>>>>>>>>>>>>>>>>>>>>>>>>>>>>>>>>>> Data Ingestion <<<<<<<<<<<<<<<<<<<<<<<<<<<<<<<<<<<<<<<<
[2023-04-23 23:04:03,212] 22 root - INFO - Exporting collection data as pandas dataframe
[2023-04-23 23:04:03,212] 29 root - INFO - Reading data from database: BANK_LEADS and collection: LEADS
[2023-04-23 23:04:06,771] 32 root - INFO - Found columns: Index(['_id', 'age', 'job', 'marital', 'education', 'default', 'housing',
       'loan', 'contact', 'month', 'day_of_week', 'duration', 'campaign',
       'pdays', 'previous', 'poutcome', 'emp.var.rate', 'cons.price.idx',
       'cons.conf.idx', 'euribor3m', 'nr.employed', 'y'],
      dtype='object')
[2023-04-23 23:04:06,771] 34 root - INFO - Dropping column: _id 
[2023-04-23 23:04:06,823] 36 root - INFO - Row and columns in df: (123564, 21)
[2023-04-23 23:04:06,823] 28 root - INFO - Save data in feature store
[2023-04-23 23:04:06,917] 34 root - INFO - Create feature store folder if not available
[2023-04-23 23:04:06,917] 38 root - INFO - Save df to feature store folder
[2023-04-23 23:04:08,105] 43 root - INFO - split dataset into train and test set
[2023-04-23 23:04:08,169] 47 root - INFO - create dataset directory folder if not available
[2023-04-23 23:04:08,169] 52 root - INFO - Save df to feature store folder
[2023-04-23 23:04:09,410] 64 root - INFO - Data ingestion artifact: DataIngestionArtifact(feature_store_file_path='/config/workspace/artifact/23042023__230403/data_ingestion/feature_store/bank-additional-full.csv', train_file_path='/config/workspace/artifact/23042023__230403/data_ingestion/dataset/train.csv', test_file_path='/config/workspace/artifact/23042023__230403/data_ingestion/dataset/test.csv')
[2023-04-23 23:04:09,625] 21 root - INFO - >>>>>>>>>>>>>>>>>>>>>>>>>>>>>>>>>>>>>>>> Data Validation >>>>>>>>>>>>>>>>>>>>>>>>>>>>>>>>>>>>>>>>
[2023-04-23 23:04:09,625] 94 root - INFO - Reading base dataframe
[2023-04-23 23:04:09,741] 97 root - INFO - Replace na value in base df
[2023-04-23 23:04:09,741] 99 root - INFO - Drop null values colums from base df
[2023-04-23 23:04:09,771] 102 root - INFO - Reading train dataframe
[2023-04-23 23:04:09,944] 104 root - INFO - Reading test dataframe
[2023-04-23 23:04:09,986] 107 root - INFO - Drop null values colums from train df
[2023-04-23 23:04:10,050] 109 root - INFO - Drop null values colums from test df
[2023-04-23 23:04:10,068] 118 root - INFO - Is all required columns present in train df
[2023-04-23 23:04:10,068] 120 root - INFO - Is all required columns present in test df
[2023-04-23 23:04:10,068] 131 root - INFO - Write reprt in yaml file
[2023-04-23 23:04:10,070] 136 root - INFO - Data validation artifact: DataValidationArtifact(report_file_path='/config/workspace/artifact/23042023__230403/data_validation/report.yaml')
[2023-04-23 23:04:10,070] 25 root - INFO - >>>>>>>>>>>>>>>>>>>>>>>>>>>>>>>>>>>>>>>> Data Transformation <<<<<<<<<<<<<<<<<<<<<<<<<<<<<<<<<<<<<<<<
[2023-04-23 23:04:10,482] 61 root - INFO - Label Encoded Target Feature: 98851
[2023-04-23 23:04:10,862] 73 root - INFO - Before resampling  in training set Input : (98851, 65) Target : (98851,)
[2023-04-23 23:04:25,585] 75 root - INFO - Before resampling in training set Input : (175468, 65) Target : (175468,)
[2023-04-23 23:04:25,585] 77 root - INFO - Before resampling in testing set input : (24713, 65) Target : (24713,)
[2023-04-23 23:04:27,435] 79 root - INFO - After resampling in testing set Input : (43820, 65) Target: (43820,)
[2023-04-23 23:04:27,564] 43 root - INFO - Enter the save object method of utils
[2023-04-23 23:04:27,567] 47 root - INFO - Exited the save object method of utils
[2023-04-23 23:04:27,567] 43 root - INFO - Enter the save object method of utils
[2023-04-23 23:04:27,567] 47 root - INFO - Exited the save object method of utils
[2023-04-23 23:04:27,568] 97 root - INFO -  Data Transformation Object DataTransformationArtifact(transform_object_path='/config/workspace/artifact/23042023__230403/data_transformation/transformer/transformer.pkl', transformed_train_path='/config/workspace/artifact/23042023__230403/data_transformation/transformed/train.npz', transformed_test_path='/config/workspace/artifact/23042023__230403/data_transformation/transformed/test.npz', target_encoder_path='/config/workspace/artifact/23042023__230403/data_transformation/target_encoder/target_encoder.pkl')
[2023-04-23 23:04:27,574] 19 root - INFO - >>>>>>>>>>>>>>>>>>>>>>>>>>>>>>>>>>>>>>>> Model Trainer >>>>>>>>>>>>>>>>>>>>>>>>>>>>>>>>>>>>>>>>
[2023-04-23 23:04:27,574] 35 root - INFO - Loading Train Array and Test Array
[2023-04-23 23:04:27,615] 39 root - INFO - Splitting input feature into Train Array and Test Array
[2023-04-23 23:04:27,615] 43 root - INFO - Train Model
[2023-04-23 23:04:39,893] 46 root - INFO - Making Predictions and calculating F1_score for X_train
[2023-04-23 23:04:41,400] 50 root - INFO - Making Predications and calculating f1_score for X_tes
[2023-04-23 23:04:41,799] 54 root - INFO - train_score = 1.0 and test_score = 1.0
[2023-04-23 23:04:41,800] 56 root - INFO - Checking if the model is underfitting or not 
[2023-04-23 23:04:41,800] 62 root - INFO - Checking if the model is Overfitting or not
[2023-04-23 23:04:41,800] 69 root - INFO - saving model object
[2023-04-23 23:04:41,800] 43 root - INFO - Enter the save object method of utils
[2023-04-23 23:04:41,847] 47 root - INFO - Exited the save object method of utils
[2023-04-23 23:04:41,847] 72 root - INFO - Preparing Model Artifact
[2023-04-23 23:04:41,847] 78 root - INFO - Model Trainer Artifact : ModelTrainerArtifact(model_path='/config/workspace/artifact/23042023__230403/model_trainer/model/model.pkl', f1_train_score=1.0, f1_test_score=1.0)
[2023-04-23 23:04:41,848] 24 root - INFO - >>>>>>>>>>>>>>>>>>>>>>>>>>>>>>>>>>>>>>>> Model Evaluation <<<<<<<<<<<<<<<<<<<<<<<<<<<<<<<<<<<<<<<<
[2023-04-23 23:04:41,848] 40 root - INFO - If saved model has model we will compare which model is best trained or                          model from saved folder
[2023-04-23 23:04:41,848] 45 root - INFO - Model Evaluation Artifact : ModelEvaluationArtifact(is_model_accepted=True, improved_accuracy=None)
[2023-04-23 23:04:41,848] 34 root - INFO - Loading all objects
[2023-04-23 23:04:41,848] 39 root - INFO - Saving object in Pusher Directory
[2023-04-23 23:04:41,848] 43 root - INFO - Enter the save object method of utils
[2023-04-23 23:04:41,849] 47 root - INFO - Exited the save object method of utils
[2023-04-23 23:04:41,849] 43 root - INFO - Enter the save object method of utils
[2023-04-23 23:04:41,849] 47 root - INFO - Exited the save object method of utils
[2023-04-23 23:04:41,849] 43 root - INFO - Enter the save object method of utils
[2023-04-23 23:04:41,849] 47 root - INFO - Exited the save object method of utils
[2023-04-23 23:04:41,849] 44 root - INFO - Saving Model in Saved Model Directory
[2023-04-23 23:04:41,849] 43 root - INFO - Enter the save object method of utils
[2023-04-23 23:04:41,850] 47 root - INFO - Exited the save object method of utils
[2023-04-23 23:04:41,850] 43 root - INFO - Enter the save object method of utils
[2023-04-23 23:04:41,850] 47 root - INFO - Exited the save object method of utils
[2023-04-23 23:04:41,850] 43 root - INFO - Enter the save object method of utils
[2023-04-23 23:04:41,850] 47 root - INFO - Exited the save object method of utils
[2023-04-23 23:04:41,850] 57 root - INFO -  Model Pusher Artifact : ModelPusherArtifact(pusher_model_dir='/config/workspace/artifact/23042023__230403/model_pusher/saved_models', saved_model_dir='saved_models')
